download/MeowPlay/app/build/intermediates/manifest_merge_blame_file/debug/manifest-merger-blame-debug-report.txt
1<?xml version="1.0" encoding="utf-8"?>
2<manifest xmlns:android="http://schemas.android.com/apk/res/android"
3    package="com.meowplay.tv.debug"
4    android:versionCode="4"
5    android:versionName="1.2.1-debug" >
6
7    <uses-sdk
8        android:minSdkVersion="21"
9        android:targetSdkVersion="34" />
10
11    <uses-permission android:name="android.permission.INTERNET" />
11-->src/main/AndroidManifest.xml:5:5-67
11-->src/main/AndroidManifest.xml:5:22-64
12    <uses-permission android:name="android.permission.ACCESS_NETWORK_STATE" />
12-->src/main/AndroidManifest.xml:6:5-79
12-->src/main/AndroidManifest.xml:6:22-76
13    <uses-permission android:name="android.permission.ACCESS_WIFI_STATE" />
13-->src/main/AndroidManifest.xml:7:5-76
13-->src/main/AndroidManifest.xml:7:22-73
14    <uses-permission
14-->src/main/AndroidManifest.xml:8:5-9:38
15        android:name="android.permission.WRITE_EXTERNAL_STORAGE"
15-->src/main/AndroidManifest.xml:8:22-78
16        android:maxSdkVersion="28" />
16-->src/main/AndroidManifest.xml:9:9-35
17
18    <!-- Android TV support -->
19    <uses-feature
19-->src/main/AndroidManifest.xml:12:5-87
20        android:name="android.software.leanback"
20-->src/main/AndroidManifest.xml:12:19-59
21        android:required="false" />
21-->src/main/AndroidManifest.xml:12:60-84
22    <uses-feature
22-->src/main/AndroidManifest.xml:13:5-90
23        android:name="android.hardware.touchscreen"
23-->src/main/AndroidManifest.xml:13:19-62
24        android:required="false" />
24-->src/main/AndroidManifest.xml:13:63-87
25    <uses-feature
25-->src/main/AndroidManifest.xml:14:5-94
26        android:name="android.hardware.type.television"
26-->src/main/AndroidManifest.xml:14:19-66
27        android:required="false" />
27-->src/main/AndroidManifest.xml:14:67-91
28
29    <permission
29-->[androidx.core:core:1.12.0] AndroidManifest.xml:22:5-24:47
30        android:name="com.meowplay.tv.debug.DYNAMIC_RECEIVER_NOT_EXPORTED_PERMISSION"
30-->[androidx.core:core:1.12.0] AndroidManifest.xml:23:9-81
31        android:protectionLevel="signature" />
31-->[androidx.core:core:1.12.0] AndroidManifest.xml:24:9-44
32
33    <uses-permission android:name="com.meowplay.tv.debug.DYNAMIC_RECEIVER_NOT_EXPORTED_PERMISSION" />
33-->[androidx.core:core:1.12.0] AndroidManifest.xml:26:5-97
33-->[androidx.core:core:1.12.0] AndroidManifest.xml:26:22-94
34
35    <application
35-->src/main/AndroidManifest.xml:16:5-133:19
36        android:name="com.meowplay.tv.MeowPlayApp"
36-->src/main/AndroidManifest.xml:17:9-36
37        android:allowBackup="true"
37-->src/main/AndroidManifest.xml:18:9-35
38        android:appComponentFactory="androidx.core.app.CoreComponentFactory"
38-->[androidx.core:core:1.12.0] AndroidManifest.xml:28:18-86
39        android:banner="@drawable/app_banner"
39-->src/main/AndroidManifest.xml:19:9-46
40        android:debuggable="true"
41        android:extractNativeLibs="true"
42        android:icon="@mipmap/ic_launcher"
42-->src/main/AndroidManifest.xml:20:9-43
43        android:label="@string/app_name"
43-->src/main/AndroidManifest.xml:21:9-41
44        android:logo="@mipmap/ic_launcher"
44-->src/main/AndroidManifest.xml:22:9-43
45        android:supportsRtl="true"
45-->src/main/AndroidManifest.xml:23:9-35
46        android:theme="@style/Theme.MeowPlay"
46-->src/main/AndroidManifest.xml:24:9-46
47        android:usesCleartextTraffic="true" >
47-->src/main/AndroidManifest.xml:25:9-44
48
49        <!-- Main Activity (Leanback Browse) -->
50        <activity
50-->src/main/AndroidManifest.xml:29:9-39:20
51            android:name="com.meowplay.tv.MainActivity"
51-->src/main/AndroidManifest.xml:30:13-41
52            android:configChanges="keyboard|keyboardHidden|orientation|screenSize|screenLayout|smallestScreenSize"
52-->src/main/AndroidManifest.xml:33:13-115
53            android:exported="true"
53-->src/main/AndroidManifest.xml:31:13-36
54            android:screenOrientation="landscape" >
54-->src/main/AndroidManifest.xml:32:13-50
55            <intent-filter>
55-->src/main/AndroidManifest.xml:34:13-38:29
56                <action android:name="android.intent.action.MAIN" />
56-->src/main/AndroidManifest.xml:35:17-69
56-->src/main/AndroidManifest.xml:35:25-66
57
58                <category android:name="android.intent.category.LAUNCHER" />
58-->src/main/AndroidManifest.xml:36:17-77
58-->src/main/AndroidManifest.xml:36:27-74
59                <category android:name="android.intent.category.LEANBACK_LAUNCHER" />
59-->src/main/AndroidManifest.xml:37:17-86
59-->src/main/AndroidManifest.xml:37:27-83
60            </intent-filter>
61        </activity>
62
63        <!-- Video Player Activity -->
64        <activity
64-->src/main/AndroidManifest.xml:42:9-101:20
65            android:name="com.meowplay.tv.player.PlayerActivity"
65-->src/main/AndroidManifest.xml:43:13-50
66            android:configChanges="keyboard|keyboardHidden|orientation|screenSize|screenLayout|smallestScreenSize"
66-->src/main/AndroidManifest.xml:46:13-115
67            android:exported="true"
67-->src/main/AndroidManifest.xml:44:13-36
68            android:screenOrientation="landscape"
68-->src/main/AndroidManifest.xml:45:13-50
69            android:theme="@style/Theme.MeowPlay.Player" >
69-->src/main/AndroidManifest.xml:47:13-57
70
71            <!-- ACTION_VIEW with video/* MIME type -->
72            <intent-filter>
72-->src/main/AndroidManifest.xml:50:13-58:29
73                <action android:name="android.intent.action.VIEW" />
73-->src/main/AndroidManifest.xml:51:17-69
73-->src/main/AndroidManifest.xml:51:25-66
74
75                <category android:name="android.intent.category.DEFAULT" />
75-->src/main/AndroidManifest.xml:52:17-76
75-->src/main/AndroidManifest.xml:52:27-73
76                <category android:name="android.intent.category.BROWSABLE" />
76-->src/main/AndroidManifest.xml:53:17-78
76-->src/main/AndroidManifest.xml:53:27-75
77
78                <data android:scheme="http" />
78-->src/main/AndroidManifest.xml:54:17-47
78-->src/main/AndroidManifest.xml:54:23-44
79                <data android:scheme="https" />
79-->src/main/AndroidManifest.xml:54:17-47
79-->src/main/AndroidManifest.xml:54:23-44
80                <data android:scheme="content" />
80-->src/main/AndroidManifest.xml:54:17-47
80-->src/main/AndroidManifest.xml:54:23-44
81                <data android:mimeType="video/*" />
81-->src/main/AndroidManifest.xml:54:17-47
81-->src/main/AndroidManifest.xml:57:23-49
82            </intent-filter>
83
84            <!-- ACTION_VIEW without MIME type -->
85            <intent-filter>
85-->src/main/AndroidManifest.xml:61:13-67:29
86                <action android:name="android.intent.action.VIEW" />
86-->src/main/AndroidManifest.xml:51:17-69
86-->src/main/AndroidManifest.xml:51:25-66
87
88                <category android:name="android.intent.category.DEFAULT" />
88-->src/main/AndroidManifest.xml:52:17-76
88-->src/main/AndroidManifest.xml:52:27-73
89                <category android:name="android.intent.category.BROWSABLE" />
89-->src/main/AndroidManifest.xml:53:17-78
89-->src/main/AndroidManifest.xml:53:27-75
90
91                <data android:scheme="http" />
91-->src/main/AndroidManifest.xml:54:17-47
91-->src/main/AndroidManifest.xml:54:23-44
92                <data android:scheme="https" />
92-->src/main/AndroidManifest.xml:54:17-47
92-->src/main/AndroidManifest.xml:54:23-44
93            </intent-filter>
94
95            <!-- M3U8 / HLS -->
96            <intent-filter>
96-->src/main/AndroidManifest.xml:70:13-78:29
97                <action android:name="android.intent.action.VIEW" />
97-->src/main/AndroidManifest.xml:51:17-69
97-->src/main/AndroidManifest.xml:51:25-66
98
99                <category android:name="android.intent.category.DEFAULT" />
99-->src/main/AndroidManifest.xml:52:17-76
99-->src/main/AndroidManifest.xml:52:27-73
100                <category android:name="android.intent.category.BROWSABLE" />
100-->src/main/AndroidManifest.xml:53:17-78
100-->src/main/AndroidManifest.xml:53:27-75
101
102                <data android:scheme="http" />
102-->src/main/AndroidManifest.xml:54:17-47
102-->src/main/AndroidManifest.xml:54:23-44
103                <data android:scheme="https" />
103-->src/main/AndroidManifest.xml:54:17-47
103-->src/main/AndroidManifest.xml:54:23-44
104                <data android:mimeType="application/x-mpegURL" />
104-->src/main/AndroidManifest.xml:54:17-47
104-->src/main/AndroidManifest.xml:57:23-49
105                <data android:mimeType="application/vnd.apple.mpegurl" />
105-->src/main/AndroidManifest.xml:54:17-47
105-->src/main/AndroidManifest.xml:57:23-49
106            </intent-filter>
107
108            <!-- Shared text -->
109            <intent-filter>
109-->src/main/AndroidManifest.xml:81:13-85:29
110                <action android:name="android.intent.action.SEND" />
110-->src/main/AndroidManifest.xml:82:17-69
110-->src/main/AndroidManifest.xml:82:25-66
111
112                <category android:name="android.intent.category.DEFAULT" />
112-->src/main/AndroidManifest.xml:52:17-76
112-->src/main/AndroidManifest.xml:52:27-73
113
114                <data android:mimeType="text/plain" />
114-->src/main/AndroidManifest.xml:54:17-47
114-->src/main/AndroidManifest.xml:57:23-49
115            </intent-filter>
116
117            <!-- Shared video -->
118            <intent-filter>
118-->src/main/AndroidManifest.xml:88:13-92:29
119                <action android:name="android.intent.action.SEND" />
119-->src/main/AndroidManifest.xml:82:17-69
119-->src/main/AndroidManifest.xml:82:25-66
120
121                <category android:name="android.intent.category.DEFAULT" />
121-->src/main/AndroidManifest.xml:52:17-76
121-->src/main/AndroidManifest.xml:52:27-73
122
123                <data android:mimeType="video/*" />
123-->src/main/AndroidManifest.xml:54:17-47
123-->src/main/AndroidManifest.xml:57:23-49
124            </intent-filter>
125
126            <!-- Magnet links -->
127            <intent-filter>
127-->src/main/AndroidManifest.xml:95:13-100:29
128                <action android:name="android.intent.action.VIEW" />
128-->src/main/AndroidManifest.xml:51:17-69
128-->src/main/AndroidManifest.xml:51:25-66
129
130                <category android:name="android.intent.category.DEFAULT" />
130-->src/main/AndroidManifest.xml:52:17-76
130-->src/main/AndroidManifest.xml:52:27-73
131                <category android:name="android.intent.category.BROWSABLE" />
131-->src/main/AndroidManifest.xml:53:17-78
131-->src/main/AndroidManifest.xml:53:27-75
132
133                <data android:scheme="magnet" />
133-->src/main/AndroidManifest.xml:54:17-47
133-->src/main/AndroidManifest.xml:54:23-44
134            </intent-filter>
135        </activity>
136
137        <!-- Settings Activity -->
138        <activity
138-->src/main/AndroidManifest.xml:104:9-107:58
139            android:name="com.meowplay.tv.ui.SettingsActivity"
139-->src/main/AndroidManifest.xml:105:13-48
140            android:exported="false"
140-->src/main/AndroidManifest.xml:106:13-37
141            android:parentActivityName="com.meowplay.tv.MainActivity" />
141-->src/main/AndroidManifest.xml:107:13-55
142
143        <!-- Cache Manager Activity -->
144        <activity
144-->src/main/AndroidManifest.xml:110:9-113:58
145            android:name="com.meowplay.tv.ui.CacheManagerActivity"
145-->src/main/AndroidManifest.xml:111:13-52
146            android:exported="false"
146-->src/main/AndroidManifest.xml:112:13-37
147            android:parentActivityName="com.meowplay.tv.MainActivity" />
147-->src/main/AndroidManifest.xml:113:13-55
148
149        <!-- About Activity -->
150        <activity
150-->src/main/AndroidManifest.xml:116:9-119:58
151            android:name="com.meowplay.tv.ui.AboutActivity"
151-->src/main/AndroidManifest.xml:117:13-45
152            android:exported="false"
152-->src/main/AndroidManifest.xml:118:13-37
153            android:parentActivityName="com.meowplay.tv.MainActivity" />
153-->src/main/AndroidManifest.xml:119:13-55
154
155        <!-- History Activity -->
156        <activity
156-->src/main/AndroidManifest.xml:122:9-125:58
157            android:name="com.meowplay.tv.ui.HistoryActivity"
157-->src/main/AndroidManifest.xml:123:13-47
158            android:exported="false"
158-->src/main/AndroidManifest.xml:124:13-37
159            android:parentActivityName="com.meowplay.tv.MainActivity" />
159-->src/main/AndroidManifest.xml:125:13-55
160
161        <!-- Paste Link Activity -->
162        <activity
162-->src/main/AndroidManifest.xml:128:9-131:58
163            android:name="com.meowplay.tv.ui.PasteLinkActivity"
163-->src/main/AndroidManifest.xml:129:13-49
164            android:exported="false"
164-->src/main/AndroidManifest.xml:130:13-37
165            android:parentActivityName="com.meowplay.tv.MainActivity" />
165-->src/main/AndroidManifest.xml:131:13-55
166
167        <provider
167-->[androidx.emoji2:emoji2:1.2.0] AndroidManifest.xml:24:9-32:20
168            android:name="androidx.startup.InitializationProvider"
168-->[androidx.emoji2:emoji2:1.2.0] AndroidManifest.xml:25:13-67
169            android:authorities="com.meowplay.tv.debug.androidx-startup"
169-->[androidx.emoji2:emoji2:1.2.0] AndroidManifest.xml:26:13-68
170            android:exported="false" >
170-->[androidx.emoji2:emoji2:1.2.0] AndroidManifest.xml:27:13-37
171            <meta-data
171-->[androidx.emoji2:emoji2:1.2.0] AndroidManifest.xml:29:13-31:52
172                android:name="androidx.emoji2.text.EmojiCompatInitializer"
172-->[androidx.emoji2:emoji2:1.2.0] AndroidManifest.xml:30:17-75
173                android:value="androidx.startup" />
173-->[androidx.emoji2:emoji2:1.2.0] AndroidManifest.xml:31:17-49
174            <meta-data
174-->[androidx.lifecycle:lifecycle-process:2.7.0] AndroidManifest.xml:29:13-31:52
175                android:name="androidx.lifecycle.ProcessLifecycleInitializer"
175-->[androidx.lifecycle:lifecycle-process:2.7.0] AndroidManifest.xml:30:17-78
176                android:value="androidx.startup" />
176-->[androidx.lifecycle:lifecycle-process:2.7.0] AndroidManifest.xml:31:17-49
177            <meta-data
177-->[androidx.profileinstaller:profileinstaller:1.3.0] AndroidManifest.xml:29:13-31:52
178                android:name="androidx.profileinstaller.ProfileInstallerInitializer"
178-->[androidx.profileinstaller:profileinstaller:1.3.0] AndroidManifest.xml:30:17-85
179                android:value="androidx.startup" />
179-->[androidx.profileinstaller:profileinstaller:1.3.0] AndroidManifest.xml:31:17-49
180        </provider>
181
182        <service
182-->[androidx.room:room-runtime:2.6.1] AndroidManifest.xml:24:9-28:63
183            android:name="androidx.room.MultiInstanceInvalidationService"
183-->[androidx.room:room-runtime:2.6.1] AndroidManifest.xml:25:13-74
184            android:directBootAware="true"
184-->[androidx.room:room-runtime:2.6.1] AndroidManifest.xml:26:13-43
185            android:exported="false" />
185-->[androidx.room:room-runtime:2.6.1] AndroidManifest.xml:27:13-37
186
187        <receiver
187-->[androidx.profileinstaller:profileinstaller:1.3.0] AndroidManifest.xml:34:9-52:20
188            android:name="androidx.profileinstaller.ProfileInstallReceiver"
188-->[androidx.profileinstaller:profileinstaller:1.3.0] AndroidManifest.xml:35:13-76
189            android:directBootAware="false"
189-->[androidx.profileinstaller:profileinstaller:1.3.0] AndroidManifest.xml:36:13-44
190            android:enabled="true"
190-->[androidx.profileinstaller:profileinstaller:1.3.0] AndroidManifest.xml:37:13-35
191            android:exported="true"
191-->[androidx.profileinstaller:profileinstaller:1.3.0] AndroidManifest.xml:38:13-36
192            android:permission="android.permission.DUMP" >
192-->[androidx.profileinstaller:profileinstaller:1.3.0] AndroidManifest.xml:39:13-57
193            <intent-filter>
193-->[androidx.profileinstaller:profileinstaller:1.3.0] AndroidManifest.xml:40:13-42:29
194                <action android:name="androidx.profileinstaller.action.INSTALL_PROFILE" />
194-->[androidx.profileinstaller:profileinstaller:1.3.0] AndroidManifest.xml:41:17-91
194-->[androidx.profileinstaller:profileinstaller:1.3.0] AndroidManifest.xml:41:25-88
195            </intent-filter>
196            <intent-filter>
196-->[androidx.profileinstaller:profileinstaller:1.3.0] AndroidManifest.xml:43:13-45:29
197                <action android:name="androidx.profileinstaller.action.SKIP_FILE" />
197-->[androidx.profileinstaller:profileinstaller:1.3.0] AndroidManifest.xml:44:17-85
197-->[androidx.profileinstaller:profileinstaller:1.3.0] AndroidManifest.xml:44:25-82
198            </intent-filter>
199            <intent-filter>
199-->[androidx.profileinstaller:profileinstaller:1.3.0] AndroidManifest.xml:46:13-48:29
200                <action android:name="androidx.profileinstaller.action.SAVE_PROFILE" />
200-->[androidx.profileinstaller:profileinstaller:1.3.0] AndroidManifest.xml:47:17-88
200-->[androidx.profileinstaller:profileinstaller:1.3.0] AndroidManifest.xml:47:25-85
201            </intent-filter>
202            <intent-filter>
202-->[androidx.profileinstaller:profileinstaller:1.3.0] AndroidManifest.xml:49:13-51:29
203                <action android:name="androidx.profileinstaller.action.BENCHMARK_OPERATION" />
203-->[androidx.profileinstaller:profileinstaller:1.3.0] AndroidManifest.xml:50:17-95
203-->[androidx.profileinstaller:profileinstaller:1.3.0] AndroidManifest.xml:50:25-92
204            </intent-filter>
205        </receiver>
206    </application>
207
208</manifest>